INFO:root:Forecasting Job Started...
DEBUG:root:mushapp method started...
INFO:root:06-14-2024 20:36:24 Connecting to Arduino Serial Port...
INFO:root:06-14-2024 20:36:24 Connected to Arduino Serial Port.
INFO:root:06-14-2024 20:36:24 Connecting to Firebase Realtime Database...
DEBUG:urllib3.util.retry:Converted retries value: 3 -> Retry(total=3, connect=None, read=None, redirect=None, status=None)
INFO:root:06-14-2024 20:36:24 Connected to Firebase Realtime Database.
ERROR:root:06-14-2024 20:36:30 Error: JSN data: {"temperature":29.1,"humidity":51,"waterLevel":0,"co2ppm":219}
INFO:root:06-14-2024 20:36:36 Data Collected: {'temperature': 29.1, 'humidity': 51, 'waterLevel': 0, 'co2ppm': 215}
INFO:root:06-14-2024 20:36:36 Sending data to firebase realtime database...
DEBUG:urllib3.connectionpool:Starting new HTTPS connection (1): www.google.com:443
DEBUG:urllib3.connectionpool:https://www.google.com:443 "GET / HTTP/1.1" 200 None
INFO:root:06-14-2024 20:36:36 Connected to Internet.
DEBUG:google.auth.transport.requests:Making request: POST https://oauth2.googleapis.com/token
DEBUG:urllib3.connectionpool:Starting new HTTPS connection (1): oauth2.googleapis.com:443
DEBUG:urllib3.connectionpool:https://oauth2.googleapis.com:443 "POST /token HTTP/1.1" 200 None
DEBUG:urllib3.connectionpool:Starting new HTTPS connection (1): mushapp-c0311-default-rtdb.firebaseio.com:443
DEBUG:urllib3.connectionpool:https://mushapp-c0311-default-rtdb.firebaseio.com:443 "PATCH /.json?print=silent HTTP/1.1" 204 0
DEBUG:urllib3.connectionpool:https://mushapp-c0311-default-rtdb.firebaseio.com:443 "PATCH /.json?print=silent HTTP/1.1" 204 0
DEBUG:urllib3.connectionpool:https://mushapp-c0311-default-rtdb.firebaseio.com:443 "PATCH /.json?print=silent HTTP/1.1" 204 0
DEBUG:urllib3.connectionpool:https://mushapp-c0311-default-rtdb.firebaseio.com:443 "PATCH /.json?print=silent HTTP/1.1" 204 0
INFO:root:06-14-2024 20:36:38 Data has been sent to firebase realtime database.
INFO:root:06-14-2024 20:36:42 Data Collected: {'temperature': 29.1, 'humidity': 51, 'waterLevel': 0, 'co2ppm': 215}
INFO:root:06-14-2024 20:36:42 Sending data to firebase realtime database...
DEBUG:urllib3.connectionpool:Starting new HTTPS connection (1): www.google.com:443
DEBUG:urllib3.connectionpool:https://www.google.com:443 "GET / HTTP/1.1" 200 None
INFO:root:06-14-2024 20:36:42 Connected to Internet.
DEBUG:urllib3.connectionpool:https://mushapp-c0311-default-rtdb.firebaseio.com:443 "PATCH /.json?print=silent HTTP/1.1" 204 0
DEBUG:urllib3.connectionpool:https://mushapp-c0311-default-rtdb.firebaseio.com:443 "PATCH /.json?print=silent HTTP/1.1" 204 0
DEBUG:urllib3.connectionpool:https://mushapp-c0311-default-rtdb.firebaseio.com:443 "PATCH /.json?print=silent HTTP/1.1" 204 0
DEBUG:urllib3.connectionpool:https://mushapp-c0311-default-rtdb.firebaseio.com:443 "PATCH /.json?print=silent HTTP/1.1" 204 0
INFO:root:06-14-2024 20:36:43 Data has been sent to firebase realtime database.
INFO:root:06-14-2024 20:36:48 Data Collected: {'temperature': 29.1, 'humidity': 51, 'waterLevel': 0, 'co2ppm': 214}
INFO:root:06-14-2024 20:36:48 Sending data to firebase realtime database...
DEBUG:urllib3.connectionpool:Starting new HTTPS connection (1): www.google.com:443
DEBUG:urllib3.connectionpool:https://www.google.com:443 "GET / HTTP/1.1" 200 None
INFO:root:06-14-2024 20:36:48 Connected to Internet.
DEBUG:urllib3.connectionpool:https://mushapp-c0311-default-rtdb.firebaseio.com:443 "PATCH /.json?print=silent HTTP/1.1" 204 0
DEBUG:urllib3.connectionpool:https://mushapp-c0311-default-rtdb.firebaseio.com:443 "PATCH /.json?print=silent HTTP/1.1" 204 0
DEBUG:urllib3.connectionpool:https://mushapp-c0311-default-rtdb.firebaseio.com:443 "PATCH /.json?print=silent HTTP/1.1" 204 0
DEBUG:urllib3.connectionpool:https://mushapp-c0311-default-rtdb.firebaseio.com:443 "PATCH /.json?print=silent HTTP/1.1" 204 0
INFO:root:06-14-2024 20:36:49 Data has been sent to firebase realtime database.
INFO:root:06-14-2024 20:36:54 Data Collected: {'temperature': 29.1, 'humidity': 51, 'waterLevel': 0, 'co2ppm': 216}
INFO:root:06-14-2024 20:36:54 Sending data to firebase realtime database...
DEBUG:urllib3.connectionpool:Starting new HTTPS connection (1): www.google.com:443
DEBUG:urllib3.connectionpool:https://www.google.com:443 "GET / HTTP/1.1" 200 None
INFO:root:06-14-2024 20:36:54 Connected to Internet.
DEBUG:urllib3.connectionpool:https://mushapp-c0311-default-rtdb.firebaseio.com:443 "PATCH /.json?print=silent HTTP/1.1" 204 0
DEBUG:urllib3.connectionpool:https://mushapp-c0311-default-rtdb.firebaseio.com:443 "PATCH /.json?print=silent HTTP/1.1" 204 0
DEBUG:urllib3.connectionpool:https://mushapp-c0311-default-rtdb.firebaseio.com:443 "PATCH /.json?print=silent HTTP/1.1" 204 0
DEBUG:urllib3.connectionpool:https://mushapp-c0311-default-rtdb.firebaseio.com:443 "PATCH /.json?print=silent HTTP/1.1" 204 0
INFO:root:06-14-2024 20:36:55 Data has been sent to firebase realtime database.
INFO:root:06-14-2024 20:37:00 Data Collected: {'temperature': 29.1, 'humidity': 51, 'waterLevel': 0, 'co2ppm': 215}
INFO:root:06-14-2024 20:37:00 Sending data to firebase realtime database...
DEBUG:urllib3.connectionpool:Starting new HTTPS connection (1): www.google.com:443
DEBUG:urllib3.connectionpool:https://www.google.com:443 "GET / HTTP/1.1" 200 None
INFO:root:06-14-2024 20:37:00 Connected to Internet.
DEBUG:urllib3.connectionpool:https://mushapp-c0311-default-rtdb.firebaseio.com:443 "PATCH /.json?print=silent HTTP/1.1" 204 0
DEBUG:urllib3.connectionpool:https://mushapp-c0311-default-rtdb.firebaseio.com:443 "PATCH /.json?print=silent HTTP/1.1" 204 0
DEBUG:urllib3.connectionpool:https://mushapp-c0311-default-rtdb.firebaseio.com:443 "PATCH /.json?print=silent HTTP/1.1" 204 0
DEBUG:urllib3.connectionpool:https://mushapp-c0311-default-rtdb.firebaseio.com:443 "PATCH /.json?print=silent HTTP/1.1" 204 0
INFO:root:06-14-2024 20:37:01 Data has been sent to firebase realtime database.
INFO:root:06-14-2024 20:37:06 Data Collected: {'temperature': 29.1, 'humidity': 51, 'waterLevel': 0, 'co2ppm': 215}
INFO:root:06-14-2024 20:37:06 Sending data to firebase realtime database...
DEBUG:urllib3.connectionpool:Starting new HTTPS connection (1): www.google.com:443
DEBUG:urllib3.connectionpool:https://www.google.com:443 "GET / HTTP/1.1" 200 None
INFO:root:06-14-2024 20:37:06 Connected to Internet.
DEBUG:urllib3.connectionpool:https://mushapp-c0311-default-rtdb.firebaseio.com:443 "PATCH /.json?print=silent HTTP/1.1" 204 0
DEBUG:urllib3.connectionpool:https://mushapp-c0311-default-rtdb.firebaseio.com:443 "PATCH /.json?print=silent HTTP/1.1" 204 0
DEBUG:urllib3.connectionpool:https://mushapp-c0311-default-rtdb.firebaseio.com:443 "PATCH /.json?print=silent HTTP/1.1" 204 0
DEBUG:urllib3.connectionpool:https://mushapp-c0311-default-rtdb.firebaseio.com:443 "PATCH /.json?print=silent HTTP/1.1" 204 0
INFO:root:06-14-2024 20:37:07 Data has been sent to firebase realtime database.
INFO:root:06-14-2024 20:37:12 Data Collected: {'temperature': 29.1, 'humidity': 51, 'waterLevel': 0, 'co2ppm': 217}
INFO:root:06-14-2024 20:37:12 Sending data to firebase realtime database...
DEBUG:urllib3.connectionpool:Starting new HTTPS connection (1): www.google.com:443
DEBUG:urllib3.connectionpool:https://www.google.com:443 "GET / HTTP/1.1" 200 None
INFO:root:06-14-2024 20:37:12 Connected to Internet.
DEBUG:urllib3.connectionpool:https://mushapp-c0311-default-rtdb.firebaseio.com:443 "PATCH /.json?print=silent HTTP/1.1" 204 0
DEBUG:urllib3.connectionpool:https://mushapp-c0311-default-rtdb.firebaseio.com:443 "PATCH /.json?print=silent HTTP/1.1" 204 0
DEBUG:urllib3.connectionpool:https://mushapp-c0311-default-rtdb.firebaseio.com:443 "PATCH /.json?print=silent HTTP/1.1" 204 0
DEBUG:urllib3.connectionpool:https://mushapp-c0311-default-rtdb.firebaseio.com:443 "PATCH /.json?print=silent HTTP/1.1" 204 0
INFO:root:06-14-2024 20:37:14 Data has been sent to firebase realtime database.
INFO:root:06-14-2024 20:37:18 Data Collected: {'temperature': 29.2, 'humidity': 51, 'waterLevel': 0, 'co2ppm': 221}
INFO:root:06-14-2024 20:37:18 Sending data to firebase realtime database...
DEBUG:urllib3.connectionpool:Starting new HTTPS connection (1): www.google.com:443
DEBUG:urllib3.connectionpool:https://www.google.com:443 "GET / HTTP/1.1" 200 None
INFO:root:06-14-2024 20:37:18 Connected to Internet.
DEBUG:urllib3.connectionpool:https://mushapp-c0311-default-rtdb.firebaseio.com:443 "PATCH /.json?print=silent HTTP/1.1" 204 0
DEBUG:urllib3.connectionpool:https://mushapp-c0311-default-rtdb.firebaseio.com:443 "PATCH /.json?print=silent HTTP/1.1" 204 0
DEBUG:urllib3.connectionpool:https://mushapp-c0311-default-rtdb.firebaseio.com:443 "PATCH /.json?print=silent HTTP/1.1" 204 0
DEBUG:urllib3.connectionpool:https://mushapp-c0311-default-rtdb.firebaseio.com:443 "PATCH /.json?print=silent HTTP/1.1" 204 0
INFO:root:06-14-2024 20:37:20 Data has been sent to firebase realtime database.
INFO:root:06-14-2024 20:37:24 Data Collected: {'temperature': 29.2, 'humidity': 51, 'waterLevel': 0, 'co2ppm': 218}
INFO:root:06-14-2024 20:37:24 Sending data to firebase realtime database...
DEBUG:urllib3.connectionpool:Starting new HTTPS connection (1): www.google.com:443
DEBUG:urllib3.connectionpool:https://www.google.com:443 "GET / HTTP/1.1" 200 None
INFO:root:06-14-2024 20:37:24 Connected to Internet.
DEBUG:urllib3.connectionpool:https://mushapp-c0311-default-rtdb.firebaseio.com:443 "PATCH /.json?print=silent HTTP/1.1" 204 0
DEBUG:urllib3.connectionpool:https://mushapp-c0311-default-rtdb.firebaseio.com:443 "PATCH /.json?print=silent HTTP/1.1" 204 0
DEBUG:urllib3.connectionpool:https://mushapp-c0311-default-rtdb.firebaseio.com:443 "PATCH /.json?print=silent HTTP/1.1" 204 0
DEBUG:urllib3.connectionpool:https://mushapp-c0311-default-rtdb.firebaseio.com:443 "PATCH /.json?print=silent HTTP/1.1" 204 0
INFO:root:06-14-2024 20:37:26 Data has been sent to firebase realtime database.
INFO:root:06-14-2024 20:37:30 Data Collected: {'temperature': 29.2, 'humidity': 51, 'waterLevel': 0, 'co2ppm': 215}
INFO:root:06-14-2024 20:37:30 Sending data to firebase realtime database...
DEBUG:urllib3.connectionpool:Starting new HTTPS connection (1): www.google.com:443
DEBUG:urllib3.connectionpool:https://www.google.com:443 "GET / HTTP/1.1" 200 None
INFO:root:06-14-2024 20:37:31 Connected to Internet.
DEBUG:urllib3.connectionpool:https://mushapp-c0311-default-rtdb.firebaseio.com:443 "PATCH /.json?print=silent HTTP/1.1" 204 0
DEBUG:urllib3.connectionpool:https://mushapp-c0311-default-rtdb.firebaseio.com:443 "PATCH /.json?print=silent HTTP/1.1" 204 0
DEBUG:urllib3.connectionpool:https://mushapp-c0311-default-rtdb.firebaseio.com:443 "PATCH /.json?print=silent HTTP/1.1" 204 0
DEBUG:urllib3.connectionpool:https://mushapp-c0311-default-rtdb.firebaseio.com:443 "PATCH /.json?print=silent HTTP/1.1" 204 0
INFO:root:06-14-2024 20:37:32 Data has been sent to firebase realtime database.
INFO:root:06-14-2024 20:37:36 Data Collected: {'temperature': 29.2, 'humidity': 50, 'waterLevel': 0, 'co2ppm': 219}
INFO:root:06-14-2024 20:37:36 Sending data to firebase realtime database...
DEBUG:urllib3.connectionpool:Starting new HTTPS connection (1): www.google.com:443
DEBUG:urllib3.connectionpool:https://www.google.com:443 "GET / HTTP/1.1" 200 None
INFO:root:06-14-2024 20:37:37 Connected to Internet.
DEBUG:urllib3.connectionpool:https://mushapp-c0311-default-rtdb.firebaseio.com:443 "PATCH /.json?print=silent HTTP/1.1" 204 0
DEBUG:urllib3.connectionpool:https://mushapp-c0311-default-rtdb.firebaseio.com:443 "PATCH /.json?print=silent HTTP/1.1" 204 0
DEBUG:urllib3.connectionpool:https://mushapp-c0311-default-rtdb.firebaseio.com:443 "PATCH /.json?print=silent HTTP/1.1" 204 0
DEBUG:urllib3.connectionpool:https://mushapp-c0311-default-rtdb.firebaseio.com:443 "PATCH /.json?print=silent HTTP/1.1" 204 0
INFO:root:06-14-2024 20:37:38 Data has been sent to firebase realtime database.
INFO:root:06-14-2024 20:37:42 Data Collected: {'temperature': 29.1, 'humidity': 50, 'waterLevel': 0, 'co2ppm': 219}
INFO:root:06-14-2024 20:37:42 Sending data to firebase realtime database...
DEBUG:urllib3.connectionpool:Starting new HTTPS connection (1): www.google.com:443
DEBUG:urllib3.connectionpool:https://www.google.com:443 "GET / HTTP/1.1" 200 None
INFO:root:06-14-2024 20:37:43 Connected to Internet.
DEBUG:urllib3.connectionpool:https://mushapp-c0311-default-rtdb.firebaseio.com:443 "PATCH /.json?print=silent HTTP/1.1" 204 0
DEBUG:urllib3.connectionpool:https://mushapp-c0311-default-rtdb.firebaseio.com:443 "PATCH /.json?print=silent HTTP/1.1" 204 0
DEBUG:urllib3.connectionpool:https://mushapp-c0311-default-rtdb.firebaseio.com:443 "PATCH /.json?print=silent HTTP/1.1" 204 0
DEBUG:urllib3.connectionpool:https://mushapp-c0311-default-rtdb.firebaseio.com:443 "PATCH /.json?print=silent HTTP/1.1" 204 0
INFO:root:06-14-2024 20:37:44 Data has been sent to firebase realtime database.
INFO:root:06-14-2024 20:37:49 Data Collected: {'temperature': 29.1, 'humidity': 50, 'waterLevel': 0, 'co2ppm': 214}
INFO:root:06-14-2024 20:37:49 Sending data to firebase realtime database...
DEBUG:urllib3.connectionpool:Starting new HTTPS connection (1): www.google.com:443
DEBUG:urllib3.connectionpool:https://www.google.com:443 "GET / HTTP/1.1" 200 None
INFO:root:06-14-2024 20:37:49 Connected to Internet.
DEBUG:urllib3.connectionpool:https://mushapp-c0311-default-rtdb.firebaseio.com:443 "PATCH /.json?print=silent HTTP/1.1" 204 0
DEBUG:urllib3.connectionpool:https://mushapp-c0311-default-rtdb.firebaseio.com:443 "PATCH /.json?print=silent HTTP/1.1" 204 0
DEBUG:urllib3.connectionpool:https://mushapp-c0311-default-rtdb.firebaseio.com:443 "PATCH /.json?print=silent HTTP/1.1" 204 0
DEBUG:urllib3.connectionpool:https://mushapp-c0311-default-rtdb.firebaseio.com:443 "PATCH /.json?print=silent HTTP/1.1" 204 0
INFO:root:06-14-2024 20:37:50 Data has been sent to firebase realtime database.
INFO:root:06-14-2024 20:37:55 Data Collected: {'temperature': 29.1, 'humidity': 51, 'waterLevel': 0, 'co2ppm': 219}
INFO:root:06-14-2024 20:37:55 Sending data to firebase realtime database...
DEBUG:urllib3.connectionpool:Starting new HTTPS connection (1): www.google.com:443
DEBUG:urllib3.connectionpool:https://www.google.com:443 "GET / HTTP/1.1" 200 None
INFO:root:06-14-2024 20:37:55 Connected to Internet.
DEBUG:urllib3.connectionpool:https://mushapp-c0311-default-rtdb.firebaseio.com:443 "PATCH /.json?print=silent HTTP/1.1" 204 0
DEBUG:urllib3.connectionpool:https://mushapp-c0311-default-rtdb.firebaseio.com:443 "PATCH /.json?print=silent HTTP/1.1" 204 0
DEBUG:urllib3.connectionpool:https://mushapp-c0311-default-rtdb.firebaseio.com:443 "PATCH /.json?print=silent HTTP/1.1" 204 0
DEBUG:urllib3.connectionpool:https://mushapp-c0311-default-rtdb.firebaseio.com:443 "PATCH /.json?print=silent HTTP/1.1" 204 0
INFO:root:06-14-2024 20:37:56 Data has been sent to firebase realtime database.
