INFO:root:Forecasting Job Started...
DEBUG:root:mushapp method started...
INFO:root:05-27-2024 23:36:12 Connecting to Arduino Serial Port...
INFO:root:05-27-2024 23:36:12 Connected to Arduino Serial Port.
INFO:root:05-27-2024 23:36:12 Connecting to Firebase Realtime Database...
DEBUG:urllib3.util.retry:Converted retries value: 3 -> Retry(total=3, connect=None, read=None, redirect=None, status=None)
INFO:root:05-27-2024 23:36:12 Connected to Firebase Realtime Database.
ERROR:root:05-27-2024 23:36:17 Error: Failed to read data from sensor
ERROR:root:05-27-2024 23:36:22 Error: Failed to read data from sensor
ERROR:root:05-27-2024 23:36:27 Error: Failed to read data from sensor
ERROR:root:05-27-2024 23:36:32 Error: Failed to read data from sensor
ERROR:root:05-27-2024 23:36:37 Error: Failed to read data from sensor
ERROR:root:05-27-2024 23:36:42 Error: Failed to read data from sensor
ERROR:root:05-27-2024 23:36:48 Error: Failed to read data from sensor
ERROR:root:05-27-2024 23:36:53 Error: Failed to read data from sensor
ERROR:root:05-27-2024 23:36:58 Error: Failed to read data from sensor
ERROR:root:05-27-2024 23:37:03 Error: Failed to read data from sensor
ERROR:root:05-27-2024 23:37:08 Error: Failed to read data from sensor
ERROR:root:05-27-2024 23:37:13 Error: Failed to read data from sensor
ERROR:root:05-27-2024 23:37:18 Error: Failed to read data from sensor
ERROR:root:05-27-2024 23:37:23 Error: Failed to read data from sensor
ERROR:root:05-27-2024 23:37:28 Error: Failed to read data from sensor
ERROR:root:05-27-2024 23:37:33 Error: Failed to read data from sensor
ERROR:root:05-27-2024 23:37:38 Error: Failed to read data from sensor
ERROR:root:05-27-2024 23:37:43 Error: Failed to read data from sensor
ERROR:root:05-27-2024 23:37:48 Error: Failed to read data from sensor
ERROR:root:05-27-2024 23:37:53 Error: Failed to read data from sensor
ERROR:root:05-27-2024 23:37:58 Error: Failed to read data from sensor
ERROR:root:05-27-2024 23:38:03 Error: Failed to read data from sensor
ERROR:root:05-27-2024 23:38:08 Error: Failed to read data from sensor
ERROR:root:05-27-2024 23:38:13 Error: Failed to read data from sensor
ERROR:root:05-27-2024 23:38:18 Error: Failed to read data from sensor
ERROR:root:05-27-2024 23:38:24 Error: Failed to read data from sensor
ERROR:root:05-27-2024 23:38:29 Error: Failed to read data from sensor
ERROR:root:05-27-2024 23:38:34 Error: Failed to read data from sensor
ERROR:root:05-27-2024 23:38:39 Error: Failed to read data from sensor
ERROR:root:05-27-2024 23:38:44 Error: Failed to read data from sensor
ERROR:root:05-27-2024 23:38:49 Error: Failed to read data from sensor
ERROR:root:05-27-2024 23:38:54 Error: Failed to read data from sensor
ERROR:root:05-27-2024 23:38:59 Error: Failed to read data from sensor
ERROR:root:05-27-2024 23:39:04 Error: Failed to read data from sensor
ERROR:root:05-27-2024 23:39:09 Error: Failed to read data from sensor
ERROR:root:05-27-2024 23:39:14 Error: Failed to read data from sensor
ERROR:root:05-27-2024 23:39:19 Error: Failed to read data from sensor
ERROR:root:05-27-2024 23:39:24 Error: Failed to read data from sensor
ERROR:root:05-27-2024 23:39:29 Error: Failed to read data from sensor
ERROR:root:05-27-2024 23:39:34 Error: Failed to read data from sensor
ERROR:root:05-27-2024 23:39:39 Error: Failed to read data from sensor
ERROR:root:05-27-2024 23:39:44 Error: Failed to read data from sensor
ERROR:root:05-27-2024 23:39:49 Error: Failed to read data from sensor
ERROR:root:05-27-2024 23:39:54 Error: Failed to read data from sensor
ERROR:root:05-27-2024 23:40:00 Error: Failed to read data from sensor
ERROR:root:05-27-2024 23:40:05 Error: Failed to read data from sensor
ERROR:root:05-27-2024 23:40:10 Error: Failed to read data from sensor
ERROR:root:05-27-2024 23:40:15 Error: Failed to read data from sensor
ERROR:root:05-27-2024 23:40:20 Error: Failed to read data from sensor
ERROR:root:05-27-2024 23:40:25 Error: Failed to read data from sensor
ERROR:root:05-27-2024 23:40:30 Error: Failed to read data from sensor
ERROR:root:05-27-2024 23:40:35 Error: Failed to read data from sensor
ERROR:root:05-27-2024 23:40:40 Error: Failed to read data from sensor
ERROR:root:05-27-2024 23:40:45 Error: Failed to read data from sensor
ERROR:root:05-27-2024 23:40:50 Error: Failed to read data from sensor
ERROR:root:05-27-2024 23:40:55 Error: Failed to read data from sensor
ERROR:root:05-27-2024 23:41:00 Error: Failed to read data from sensor
ERROR:root:05-27-2024 23:41:05 Error: Failed to read data from sensor
ERROR:root:05-27-2024 23:41:10 Error: Failed to read data from sensor
ERROR:root:05-27-2024 23:41:15 Error: Failed to read data from sensor
ERROR:root:05-27-2024 23:41:20 Error: Failed to read data from sensor
ERROR:root:05-27-2024 23:41:25 Error: Failed to read data from sensor
ERROR:root:05-27-2024 23:41:30 Error: Failed to read data from sensor
ERROR:root:05-27-2024 23:41:35 Error: Failed to read data from sensor
ERROR:root:05-27-2024 23:41:41 Error: Failed to read data from sensor
ERROR:root:05-27-2024 23:41:46 Error: Failed to read data from sensor
ERROR:root:05-27-2024 23:41:51 Error: Failed to read data from sensor
ERROR:root:05-27-2024 23:41:56 Error: Failed to read data from sensor
ERROR:root:05-27-2024 23:42:01 Error: Failed to read data from sensor
ERROR:root:05-27-2024 23:42:06 Error: Failed to read data from sensor
ERROR:root:05-27-2024 23:42:11 Error: Failed to read data from sensor
ERROR:root:05-27-2024 23:42:16 Error: Failed to read data from sensor
ERROR:root:05-27-2024 23:42:21 Error: Failed to read data from sensor
ERROR:root:05-27-2024 23:42:26 Error: Failed to read data from sensor
ERROR:root:05-27-2024 23:42:31 Error: Failed to read data from sensor
ERROR:root:05-27-2024 23:42:36 Error: Failed to read data from sensor
ERROR:root:05-27-2024 23:42:41 Error: Failed to read data from sensor
ERROR:root:05-27-2024 23:42:46 Error: Failed to read data from sensor
ERROR:root:05-27-2024 23:42:51 Error: Failed to read data from sensor
ERROR:root:05-27-2024 23:42:56 Error: Failed to read data from sensor
ERROR:root:05-27-2024 23:43:01 Error: Failed to read data from sensor
ERROR:root:05-27-2024 23:43:06 Error: Failed to read data from sensor
ERROR:root:05-27-2024 23:43:11 Error: Failed to read data from sensor
ERROR:root:05-27-2024 23:43:17 Error: Failed to read data from sensor
ERROR:root:05-27-2024 23:43:22 Error: Failed to read data from sensor
ERROR:root:05-27-2024 23:43:27 Error: Failed to read data from sensor
ERROR:root:05-27-2024 23:43:32 Error: Failed to read data from sensor
ERROR:root:05-27-2024 23:43:37 Error: Failed to read data from sensor
ERROR:root:05-27-2024 23:43:42 Error: Failed to read data from sensor
ERROR:root:05-27-2024 23:43:47 Error: Failed to read data from sensor
ERROR:root:05-27-2024 23:43:52 Error: Failed to read data from sensor
ERROR:root:05-27-2024 23:43:57 Error: Failed to read data from sensor
ERROR:root:05-27-2024 23:44:02 Error: Failed to read data from sensor
ERROR:root:05-27-2024 23:44:07 Error: Failed to read data from sensor
ERROR:root:05-27-2024 23:44:12 Error: Failed to read data from sensor
ERROR:root:05-27-2024 23:44:17 Error: Failed to read data from sensor
ERROR:root:05-27-2024 23:44:22 Error: Failed to read data from sensor
ERROR:root:05-27-2024 23:44:27 Error: Failed to read data from sensor
