INFO:root:Forecasting Job Started...
DEBUG:root:mushapp method started...
INFO:root:05-27-2024 22:50:12 Connecting to Arduino Serial Port...
INFO:root:05-27-2024 22:50:12 Connected to Arduino Serial Port.
INFO:root:05-27-2024 22:50:12 Connecting to Firebase Realtime Database...
DEBUG:urllib3.util.retry:Converted retries value: 3 -> Retry(total=3, connect=None, read=None, redirect=None, status=None)
INFO:root:05-27-2024 22:50:12 Connected to Firebase Realtime Database.
ERROR:root:05-27-2024 22:50:18 Error: Failed to read data from sensor
ERROR:root:05-27-2024 22:50:23 Error: Failed to read data from sensor
ERROR:root:05-27-2024 22:50:28 Error: Failed to read data from sensor
ERROR:root:05-27-2024 22:50:33 Error: Failed to read data from sensor
ERROR:root:05-27-2024 22:50:38 Error: Failed to read data from sensor
ERROR:root:05-27-2024 22:50:43 Error: Failed to read data from sensor
ERROR:root:05-27-2024 22:50:48 Error: Failed to read data from sensor
ERROR:root:05-27-2024 22:50:53 Error: Failed to read data from sensor
ERROR:root:05-27-2024 22:50:58 Error: Failed to read data from sensor
ERROR:root:05-27-2024 22:51:03 Error: Failed to read data from sensor
ERROR:root:05-27-2024 22:51:08 Error: Failed to read data from sensor
ERROR:root:05-27-2024 22:51:13 Error: Failed to read data from sensor
ERROR:root:05-27-2024 22:51:18 Error: Failed to read data from sensor
ERROR:root:05-27-2024 22:51:24 Error: Failed to read data from sensor
ERROR:root:05-27-2024 22:51:29 Error: Failed to read data from sensor
ERROR:root:05-27-2024 22:51:34 Error: Failed to read data from sensor
ERROR:root:05-27-2024 22:51:39 Error: Failed to read data from sensor
ERROR:root:05-27-2024 22:51:44 Error: Failed to read data from sensor
ERROR:root:05-27-2024 22:51:49 Error: Failed to read data from sensor
ERROR:root:05-27-2024 22:51:54 Error: Failed to read data from sensor
ERROR:root:05-27-2024 22:51:59 Error: Failed to read data from sensor
ERROR:root:05-27-2024 22:52:04 Error: Failed to read data from sensor
ERROR:root:05-27-2024 22:52:09 Error: Failed to read data from sensor
ERROR:root:05-27-2024 22:52:14 Error: Failed to read data from sensor
ERROR:root:05-27-2024 22:52:19 Error: Failed to read data from sensor
ERROR:root:05-27-2024 22:52:24 Error: Failed to read data from sensor
ERROR:root:05-27-2024 22:52:29 Error: Failed to read data from sensor
ERROR:root:05-27-2024 22:52:34 Error: Failed to read data from sensor
ERROR:root:05-27-2024 22:52:39 Error: Failed to read data from sensor
ERROR:root:05-27-2024 22:52:44 Error: Failed to read data from sensor
ERROR:root:05-27-2024 22:52:49 Error: Failed to read data from sensor
ERROR:root:05-27-2024 22:52:54 Error: Failed to read data from sensor
ERROR:root:05-27-2024 22:53:00 Error: Failed to read data from sensor
ERROR:root:05-27-2024 22:53:05 Error: Failed to read data from sensor
ERROR:root:05-27-2024 22:53:10 Error: Failed to read data from sensor
ERROR:root:05-27-2024 22:53:15 Error: Failed to read data from sensor
ERROR:root:05-27-2024 22:53:20 Error: Failed to read data from sensor
ERROR:root:05-27-2024 22:53:25 Error: Failed to read data from sensor
ERROR:root:05-27-2024 22:53:30 Error: Failed to read data from sensor
ERROR:root:05-27-2024 22:53:35 Error: Failed to read data from sensor
ERROR:root:05-27-2024 22:53:40 Error: Failed to read data from sensor
ERROR:root:05-27-2024 22:53:45 Error: Failed to read data from sensor
ERROR:root:05-27-2024 22:53:50 Error: Failed to read data from sensor
ERROR:root:05-27-2024 22:53:55 Error: Failed to read data from sensor
ERROR:root:05-27-2024 22:54:00 Error: Failed to read data from sensor
ERROR:root:05-27-2024 22:54:05 Error: Failed to read data from sensor
ERROR:root:05-27-2024 22:54:10 Error: Failed to read data from sensor
ERROR:root:05-27-2024 22:54:15 Error: Failed to read data from sensor
ERROR:root:05-27-2024 22:54:20 Error: Failed to read data from sensor
ERROR:root:05-27-2024 22:54:25 Error: Failed to read data from sensor
ERROR:root:05-27-2024 22:54:30 Error: Failed to read data from sensor
ERROR:root:05-27-2024 22:54:35 Error: Failed to read data from sensor
ERROR:root:05-27-2024 22:54:41 Error: Failed to read data from sensor
ERROR:root:05-27-2024 22:54:46 Error: Failed to read data from sensor
ERROR:root:05-27-2024 22:54:51 Error: Failed to read data from sensor
ERROR:root:05-27-2024 22:54:56 Error: Failed to read data from sensor
ERROR:root:05-27-2024 22:55:01 Error: Failed to read data from sensor
ERROR:root:05-27-2024 22:55:06 Error: Failed to read data from sensor
ERROR:root:05-27-2024 22:55:11 Error: Failed to read data from sensor
ERROR:root:05-27-2024 22:55:16 Error: Failed to read data from sensor
ERROR:root:05-27-2024 22:55:21 Error: Failed to read data from sensor
ERROR:root:05-27-2024 22:55:26 Error: Failed to read data from sensor
ERROR:root:05-27-2024 22:55:31 Error: Failed to read data from sensor
ERROR:root:05-27-2024 22:55:36 Error: Failed to read data from sensor
ERROR:root:05-27-2024 22:55:41 Error: Failed to read data from sensor
ERROR:root:05-27-2024 22:55:46 Error: Failed to read data from sensor
ERROR:root:05-27-2024 22:55:51 Error: Failed to read data from sensor
ERROR:root:05-27-2024 22:55:56 Error: Failed to read data from sensor
ERROR:root:05-27-2024 22:56:01 Error: Failed to read data from sensor
ERROR:root:05-27-2024 22:56:06 Error: Failed to read data from sensor
ERROR:root:05-27-2024 22:56:11 Error: Failed to read data from sensor
ERROR:root:05-27-2024 22:56:17 Error: Failed to read data from sensor
ERROR:root:05-27-2024 22:56:22 Error: Failed to read data from sensor
ERROR:root:05-27-2024 22:56:27 Error: Failed to read data from sensor
ERROR:root:05-27-2024 22:56:32 Error: Failed to read data from sensor
ERROR:root:05-27-2024 22:56:37 Error: Failed to read data from sensor
ERROR:root:05-27-2024 22:56:42 Error: Failed to read data from sensor
ERROR:root:05-27-2024 22:56:47 Error: Failed to read data from sensor
ERROR:root:05-27-2024 22:56:52 Error: Failed to read data from sensor
ERROR:root:05-27-2024 22:56:57 Error: Failed to read data from sensor
ERROR:root:05-27-2024 22:57:02 Error: Failed to read data from sensor
ERROR:root:05-27-2024 22:57:07 Error: Failed to read data from sensor
ERROR:root:05-27-2024 22:57:12 Error: Failed to read data from sensor
ERROR:root:05-27-2024 22:57:17 Error: Failed to read data from sensor
ERROR:root:05-27-2024 22:57:22 Error: Failed to read data from sensor
ERROR:root:05-27-2024 22:57:27 Error: Failed to read data from sensor
ERROR:root:05-27-2024 22:57:32 Error: Failed to read data from sensor
ERROR:root:05-27-2024 22:57:37 Error: Failed to read data from sensor
ERROR:root:05-27-2024 22:57:42 Error: Failed to read data from sensor
ERROR:root:05-27-2024 22:57:47 Error: Failed to read data from sensor
ERROR:root:05-27-2024 22:57:53 Error: Failed to read data from sensor
ERROR:root:05-27-2024 22:57:58 Error: Failed to read data from sensor
ERROR:root:05-27-2024 22:58:03 Error: Failed to read data from sensor
ERROR:root:05-27-2024 22:58:08 Error: Failed to read data from sensor
ERROR:root:05-27-2024 22:58:13 Error: Failed to read data from sensor
ERROR:root:05-27-2024 22:58:18 Error: Failed to read data from sensor
ERROR:root:05-27-2024 22:58:23 Error: Failed to read data from sensor
ERROR:root:05-27-2024 22:58:28 Error: Failed to read data from sensor
ERROR:root:05-27-2024 22:58:33 Error: Failed to read data from sensor
ERROR:root:05-27-2024 22:58:38 Error: Failed to read data from sensor
ERROR:root:05-27-2024 22:58:43 Error: Failed to read data from sensor
ERROR:root:05-27-2024 22:58:48 Error: Failed to read data from sensor
ERROR:root:05-27-2024 22:58:53 Error: Failed to read data from sensor
ERROR:root:05-27-2024 22:58:58 Error: Failed to read data from sensor
ERROR:root:05-27-2024 22:59:03 Error: Failed to read data from sensor
ERROR:root:05-27-2024 22:59:08 Error: Failed to read data from sensor
ERROR:root:05-27-2024 22:59:13 Error: Failed to read data from sensor
ERROR:root:05-27-2024 22:59:18 Error: Failed to read data from sensor
ERROR:root:05-27-2024 22:59:23 Error: Failed to read data from sensor
ERROR:root:05-27-2024 22:59:28 Error: Failed to read data from sensor
ERROR:root:05-27-2024 22:59:34 Error: Failed to read data from sensor
ERROR:root:05-27-2024 22:59:39 Error: Failed to read data from sensor
ERROR:root:05-27-2024 22:59:44 Error: Failed to read data from sensor
ERROR:root:05-27-2024 22:59:49 Error: Failed to read data from sensor
ERROR:root:05-27-2024 22:59:54 Error: Failed to read data from sensor
ERROR:root:05-27-2024 22:59:59 Error: Failed to read data from sensor
ERROR:root:05-27-2024 23:00:04 Error: Failed to read data from sensor
ERROR:root:05-27-2024 23:00:09 Error: Failed to read data from sensor
ERROR:root:05-27-2024 23:00:14 Error: Failed to read data from sensor
ERROR:root:05-27-2024 23:00:19 Error: Failed to read data from sensor
ERROR:root:05-27-2024 23:00:24 Error: Failed to read data from sensor
ERROR:root:05-27-2024 23:00:29 Error: Failed to read data from sensor
ERROR:root:05-27-2024 23:00:34 Error: Failed to read data from sensor
ERROR:root:05-27-2024 23:00:39 Error: Failed to read data from sensor
ERROR:root:05-27-2024 23:00:44 Error: Failed to read data from sensor
ERROR:root:05-27-2024 23:00:49 Error: Failed to read data from sensor
ERROR:root:05-27-2024 23:00:54 Error: Failed to read data from sensor
ERROR:root:05-27-2024 23:00:59 Error: Failed to read data from sensor
ERROR:root:05-27-2024 23:01:04 Error: Failed to read data from sensor
ERROR:root:05-27-2024 23:01:10 Error: Failed to read data from sensor
ERROR:root:05-27-2024 23:01:15 Error: Failed to read data from sensor
ERROR:root:05-27-2024 23:01:20 Error: Failed to read data from sensor
ERROR:root:05-27-2024 23:01:25 Error: Failed to read data from sensor
ERROR:root:05-27-2024 23:01:30 Error: Failed to read data from sensor
ERROR:root:05-27-2024 23:01:35 Error: Failed to read data from sensor
ERROR:root:05-27-2024 23:01:40 Error: Failed to read data from sensor
ERROR:root:05-27-2024 23:01:45 Error: Failed to read data from sensor
ERROR:root:05-27-2024 23:01:50 Error: Failed to read data from sensor
ERROR:root:05-27-2024 23:01:55 Error: Failed to read data from sensor
ERROR:root:05-27-2024 23:02:00 Error: Failed to read data from sensor
ERROR:root:05-27-2024 23:02:05 Error: Failed to read data from sensor
ERROR:root:05-27-2024 23:02:10 Error: Failed to read data from sensor
ERROR:root:05-27-2024 23:02:15 Error: Failed to read data from sensor
ERROR:root:05-27-2024 23:02:20 Error: Failed to read data from sensor
ERROR:root:05-27-2024 23:02:25 Error: Failed to read data from sensor
ERROR:root:05-27-2024 23:02:30 Error: Failed to read data from sensor
ERROR:root:05-27-2024 23:02:35 Error: Failed to read data from sensor
ERROR:root:05-27-2024 23:02:40 Error: Failed to read data from sensor
ERROR:root:05-27-2024 23:02:45 Error: Failed to read data from sensor
ERROR:root:05-27-2024 23:02:51 Error: Failed to read data from sensor
ERROR:root:05-27-2024 23:02:56 Error: Failed to read data from sensor
ERROR:root:05-27-2024 23:03:01 Error: Failed to read data from sensor
ERROR:root:05-27-2024 23:03:06 Error: Failed to read data from sensor
ERROR:root:05-27-2024 23:03:11 Error: Failed to read data from sensor
ERROR:root:05-27-2024 23:03:16 Error: Failed to read data from sensor
ERROR:root:05-27-2024 23:03:21 Error: Failed to read data from sensor
ERROR:root:05-27-2024 23:03:26 Error: Failed to read data from sensor
ERROR:root:05-27-2024 23:03:31 Error: Failed to read data from sensor
ERROR:root:05-27-2024 23:03:36 Error: Failed to read data from sensor
ERROR:root:05-27-2024 23:03:41 Error: Failed to read data from sensor
ERROR:root:05-27-2024 23:03:46 Error: Failed to read data from sensor
ERROR:root:05-27-2024 23:03:51 Error: Failed to read data from sensor
ERROR:root:05-27-2024 23:03:56 Error: Failed to read data from sensor
ERROR:root:05-27-2024 23:04:01 Error: Failed to read data from sensor
ERROR:root:05-27-2024 23:04:06 Error: Failed to read data from sensor
ERROR:root:05-27-2024 23:04:11 Error: Failed to read data from sensor
ERROR:root:05-27-2024 23:04:16 Error: Failed to read data from sensor
ERROR:root:05-27-2024 23:04:21 Error: Failed to read data from sensor
ERROR:root:05-27-2024 23:04:27 Error: Failed to read data from sensor
ERROR:root:05-27-2024 23:04:32 Error: Failed to read data from sensor
