INFO:root:Forecasting Job Started...
DEBUG:root:mushapp method started...
INFO:root:05-27-2024 23:23:58 Connecting to Arduino Serial Port...
INFO:root:05-27-2024 23:23:58 Connected to Arduino Serial Port.
INFO:root:05-27-2024 23:23:58 Connecting to Firebase Realtime Database...
DEBUG:urllib3.util.retry:Converted retries value: 3 -> Retry(total=3, connect=None, read=None, redirect=None, status=None)
INFO:root:05-27-2024 23:23:58 Connected to Firebase Realtime Database.
ERROR:root:05-27-2024 23:24:04 Error: Failed to read data from sensor
ERROR:root:05-27-2024 23:24:09 Error: Failed to read data from sensor
ERROR:root:05-27-2024 23:24:14 Error: Failed to read data from sensor
ERROR:root:05-27-2024 23:24:19 Error: Failed to read data from sensor
ERROR:root:05-27-2024 23:24:24 Error: Failed to read data from sensor
ERROR:root:05-27-2024 23:24:29 Error: Failed to read data from sensor
ERROR:root:05-27-2024 23:24:34 Error: Failed to read data from sensor
ERROR:root:05-27-2024 23:24:39 Error: Failed to read data from sensor
ERROR:root:05-27-2024 23:24:44 Error: Failed to read data from sensor
ERROR:root:05-27-2024 23:24:49 Error: Failed to read data from sensor
ERROR:root:05-27-2024 23:24:54 Error: Failed to read data from sensor
ERROR:root:05-27-2024 23:24:59 Error: Failed to read data from sensor
ERROR:root:05-27-2024 23:25:04 Error: Failed to read data from sensor
ERROR:root:05-27-2024 23:25:09 Error: Failed to read data from sensor
ERROR:root:05-27-2024 23:25:14 Error: Failed to read data from sensor
ERROR:root:05-27-2024 23:25:20 Error: Failed to read data from sensor
ERROR:root:05-27-2024 23:25:25 Error: Failed to read data from sensor
ERROR:root:05-27-2024 23:25:30 Error: Failed to read data from sensor
ERROR:root:05-27-2024 23:25:35 Error: Failed to read data from sensor
ERROR:root:05-27-2024 23:25:40 Error: Failed to read data from sensor
ERROR:root:05-27-2024 23:25:45 Error: Failed to read data from sensor
ERROR:root:05-27-2024 23:25:50 Error: Failed to read data from sensor
ERROR:root:05-27-2024 23:25:56 Error: Failed to read data from sensor
ERROR:root:05-27-2024 23:26:01 Error: Failed to read data from sensor
ERROR:root:05-27-2024 23:26:06 Error: Failed to read data from sensor
ERROR:root:05-27-2024 23:26:11 Error: Failed to read data from sensor
ERROR:root:05-27-2024 23:26:16 Error: Failed to read data from sensor
ERROR:root:05-27-2024 23:26:21 Error: Failed to read data from sensor
