INFO:root:Forecasting Job Started...
DEBUG:root:mushapp method started...
INFO:root:05-27-2024 23:05:33 Connecting to Arduino Serial Port...
INFO:root:05-27-2024 23:05:33 Connected to Arduino Serial Port.
INFO:root:05-27-2024 23:05:33 Connecting to Firebase Realtime Database...
DEBUG:urllib3.util.retry:Converted retries value: 3 -> Retry(total=3, connect=None, read=None, redirect=None, status=None)
INFO:root:05-27-2024 23:05:33 Connected to Firebase Realtime Database.
ERROR:root:05-27-2024 23:05:39 Error: Failed to read data from sensor
ERROR:root:05-27-2024 23:05:44 Error: Failed to read data from sensor
ERROR:root:05-27-2024 23:05:49 Error: Failed to read data from sensor
ERROR:root:05-27-2024 23:05:54 Error: Failed to read data from sensor
ERROR:root:05-27-2024 23:05:59 Error: Failed to read data from sensor
ERROR:root:05-27-2024 23:06:04 Error: 
ERROR:root:05-27-2024 23:06:09 Error: Failed to read data from sensor
ERROR:root:05-27-2024 23:06:14 Error: Failed to read data from sensor
ERROR:root:05-27-2024 23:06:19 Error: Failed to read data from sensor
ERROR:root:05-27-2024 23:06:24 Error: Failed to read data from sensor
ERROR:root:05-27-2024 23:06:29 Error: Failed to read data from sensor
ERROR:root:05-27-2024 23:06:34 Error: Failed to read data from sensor
ERROR:root:05-27-2024 23:06:39 Error: Failed to read data from sensor
ERROR:root:05-27-2024 23:06:44 Error: Failed to read data from sensor
ERROR:root:05-27-2024 23:06:49 Error: Failed to read data from sensor
ERROR:root:05-27-2024 23:06:54 Error: Failed to read data from sensor
ERROR:root:05-27-2024 23:07:00 Error: Failed to read data from sensor
ERROR:root:05-27-2024 23:07:05 Error: Failed to read data from sensor
ERROR:root:05-27-2024 23:07:10 Error: Failed to read data from sensor
ERROR:root:05-27-2024 23:07:15 Error: Failed to read data from sensor
ERROR:root:05-27-2024 23:07:20 Error: Failed to read data from sensor
ERROR:root:05-27-2024 23:07:25 Error: Failed to read data from sensor
ERROR:root:05-27-2024 23:07:30 Error: Failed to read data from sensor
ERROR:root:05-27-2024 23:07:35 Error: Failed to read data from sensor
ERROR:root:05-27-2024 23:07:40 Error: Failed to read data from sensor
ERROR:root:05-27-2024 23:07:45 Error: Failed to read data from sensor
ERROR:root:05-27-2024 23:07:50 Error: Failed to read data from sensor
ERROR:root:05-27-2024 23:07:55 Error: Failed to read data from sensor
ERROR:root:05-27-2024 23:08:00 Error: Failed to read data from sensor
ERROR:root:05-27-2024 23:08:05 Error: Failed to read data from sensor
ERROR:root:05-27-2024 23:08:10 Error: Failed to read data from sensor
ERROR:root:05-27-2024 23:08:15 Error: Failed to read data from sensor
ERROR:root:05-27-2024 23:08:20 Error: Failed to read data from sensor
ERROR:root:05-27-2024 23:08:25 Error: Failed to read data from sensor
ERROR:root:05-27-2024 23:08:30 Error: Failed to read data from sensor
ERROR:root:05-27-2024 23:08:36 Error: Failed to read data from sensor
ERROR:root:05-27-2024 23:08:41 Error: Failed to read data from sensor
ERROR:root:05-27-2024 23:08:46 Error: Failed to read data from sensor
ERROR:root:05-27-2024 23:08:51 Error: Failed to read data from sensor
ERROR:root:05-27-2024 23:08:56 Error: Failed to read data from sensor
ERROR:root:05-27-2024 23:09:01 Error: Failed to read data from sensor
ERROR:root:05-27-2024 23:09:06 Error: Failed to read data from sensor
ERROR:root:05-27-2024 23:09:11 Error: Failed to read data from sensor
ERROR:root:05-27-2024 23:09:16 Error: Failed to read data from sensor
ERROR:root:05-27-2024 23:09:21 Error: Failed to read data from sensor
ERROR:root:05-27-2024 23:09:26 Error: Failed to read data from sensor
ERROR:root:05-27-2024 23:09:31 Error: Failed to read data from sensor
ERROR:root:05-27-2024 23:09:36 Error: Failed to read data from sensor
ERROR:root:05-27-2024 23:09:41 Error: Failed to read data from sensor
ERROR:root:05-27-2024 23:09:46 Error: Failed to read data from sensor
ERROR:root:05-27-2024 23:09:51 Error: Failed to read data from sensor
ERROR:root:05-27-2024 23:09:56 Error: Failed to read data from sensor
ERROR:root:05-27-2024 23:10:01 Error: Failed to read data from sensor
ERROR:root:05-27-2024 23:10:06 Error: Failed to read data from sensor
ERROR:root:05-27-2024 23:10:12 Error: Failed to read data from sensor
ERROR:root:05-27-2024 23:10:17 Error: Failed to read data from sensor
ERROR:root:05-27-2024 23:10:22 Error: Failed to read data from sensor
ERROR:root:05-27-2024 23:10:27 Error: Failed to read data from sensor
ERROR:root:05-27-2024 23:10:32 Error: Failed to read data from sensor
ERROR:root:05-27-2024 23:10:37 Error: Failed to read data from sensor
ERROR:root:05-27-2024 23:10:42 Error: Failed to read data from sensor
ERROR:root:05-27-2024 23:10:47 Error: Failed to read data from sensor
ERROR:root:05-27-2024 23:10:52 Error: Failed to read data from sensor
ERROR:root:05-27-2024 23:10:57 Error: Failed to read data from sensor
ERROR:root:05-27-2024 23:11:02 Error: Failed to read data from sensor
ERROR:root:05-27-2024 23:11:07 Error: Failed to read data from sensor
ERROR:root:05-27-2024 23:11:12 Error: Failed to read data from sensor
ERROR:root:05-27-2024 23:11:17 Error: Failed to read data from sensor
ERROR:root:05-27-2024 23:11:22 Error: Failed to read data from sensor
ERROR:root:05-27-2024 23:11:27 Error: Failed to read data from sensor
ERROR:root:05-27-2024 23:11:32 Error: Failed to read data from sensor
ERROR:root:05-27-2024 23:11:37 Error: Failed to read data from sensor
ERROR:root:05-27-2024 23:11:42 Error: Failed to read data from sensor
ERROR:root:05-27-2024 23:11:47 Error: Failed to read data from sensor
ERROR:root:05-27-2024 23:11:53 Error: Failed to read data from sensor
ERROR:root:05-27-2024 23:11:58 Error: Failed to read data from sensor
ERROR:root:05-27-2024 23:12:03 Error: Failed to read data from sensor
ERROR:root:05-27-2024 23:12:08 Error: Failed to read data from sensor
ERROR:root:05-27-2024 23:12:13 Error: Failed to read data from sensor
ERROR:root:05-27-2024 23:12:18 Error: Failed to read data from sensor
ERROR:root:05-27-2024 23:12:23 Error: Failed to read data from sensor
ERROR:root:05-27-2024 23:12:28 Error: Failed to read data from sensor
ERROR:root:05-27-2024 23:12:33 Error: Failed to read data from sensor
ERROR:root:05-27-2024 23:12:38 Error: Failed to read data from sensor
ERROR:root:05-27-2024 23:12:43 Error: Failed to read data from sensor
ERROR:root:05-27-2024 23:12:48 Error: Failed to read data from sensor
ERROR:root:05-27-2024 23:12:53 Error: Failed to read data from sensor
ERROR:root:05-27-2024 23:12:58 Error: Failed to read data from sensor
ERROR:root:05-27-2024 23:13:03 Error: Failed to read data from sensor
ERROR:root:05-27-2024 23:13:08 Error: Failed to read data from sensor
ERROR:root:05-27-2024 23:13:13 Error: Failed to read data from sensor
ERROR:root:05-27-2024 23:13:18 Error: Failed to read data from sensor
ERROR:root:05-27-2024 23:13:23 Error: Failed to read data from sensor
ERROR:root:05-27-2024 23:13:29 Error: Failed to read data from sensor
ERROR:root:05-27-2024 23:13:34 Error: Failed to read data from sensor
ERROR:root:05-27-2024 23:13:39 Error: Failed to read data from sensor
ERROR:root:05-27-2024 23:13:44 Error: Failed to read data from sensor
ERROR:root:05-27-2024 23:13:49 Error: Failed to read data from sensor
ERROR:root:05-27-2024 23:13:54 Error: Failed to read data from sensor
ERROR:root:05-27-2024 23:13:59 Error: Failed to read data from sensor
ERROR:root:05-27-2024 23:14:04 Error: Failed to read data from sensor
ERROR:root:05-27-2024 23:14:09 Error: Failed to read data from sensor
ERROR:root:05-27-2024 23:14:14 Error: Failed to read data from sensor
ERROR:root:05-27-2024 23:14:19 Error: Failed to read data from sensor
ERROR:root:05-27-2024 23:14:24 Error: Failed to read data from sensor
ERROR:root:05-27-2024 23:14:29 Error: Failed to read data from sensor
ERROR:root:05-27-2024 23:14:34 Error: Failed to read data from sensor
ERROR:root:05-27-2024 23:14:39 Error: Failed to read data from sensor
ERROR:root:05-27-2024 23:14:44 Error: Failed to read data from sensor
ERROR:root:05-27-2024 23:14:49 Error: Failed to read data from sensor
ERROR:root:05-27-2024 23:14:54 Error: Failed to read data from sensor
ERROR:root:05-27-2024 23:14:59 Error: Failed to read data from sensor
ERROR:root:05-27-2024 23:15:05 Error: Failed to read data from sensor
ERROR:root:05-27-2024 23:15:10 Error: Failed to read data from sensor
ERROR:root:05-27-2024 23:15:15 Error: Failed to read data from sensor
ERROR:root:05-27-2024 23:15:20 Error: Failed to read data from sensor
ERROR:root:05-27-2024 23:15:25 Error: Failed to read data from sensor
ERROR:root:05-27-2024 23:15:30 Error: Failed to read data from sensor
ERROR:root:05-27-2024 23:15:35 Error: Failed to read data from sensor
ERROR:root:05-27-2024 23:15:40 Error: Failed to read data from sensor
ERROR:root:05-27-2024 23:15:45 Error: Failed to read data from sensor
ERROR:root:05-27-2024 23:15:50 Error: Failed to read data from sensor
ERROR:root:05-27-2024 23:15:55 Error: Failed to read data from sensor
ERROR:root:05-27-2024 23:16:00 Error: Failed to read data from sensor
ERROR:root:05-27-2024 23:16:05 Error: Failed to read data from sensor
ERROR:root:05-27-2024 23:16:10 Error: Failed to read data from sensor
ERROR:root:05-27-2024 23:16:15 Error: Failed to read data from sensor
ERROR:root:05-27-2024 23:16:20 Error: Failed to read data from sensor
ERROR:root:05-27-2024 23:16:25 Error: Failed to read data from sensor
ERROR:root:05-27-2024 23:16:30 Error: Failed to read data from sensor
ERROR:root:05-27-2024 23:16:35 Error: Failed to read data from sensor
ERROR:root:05-27-2024 23:16:41 Error: Failed to read data from sensor
ERROR:root:05-27-2024 23:16:46 Error: Failed to read data from sensor
ERROR:root:05-27-2024 23:16:51 Error: Failed to read data from sensor
ERROR:root:05-27-2024 23:16:56 Error: Failed to read data from sensor
