INFO:root:Forecasting Job Started...
DEBUG:root:mushapp method started...
INFO:root:05-27-2024 22:34:16 Connecting to Arduino Serial Port...
INFO:root:05-27-2024 22:34:16 Connected to Arduino Serial Port.
INFO:root:05-27-2024 22:34:16 Connecting to Firebase Realtime Database...
DEBUG:urllib3.util.retry:Converted retries value: 3 -> Retry(total=3, connect=None, read=None, redirect=None, status=None)
INFO:root:05-27-2024 22:34:16 Connected to Firebase Realtime Database.
ERROR:root:05-27-2024 22:34:22 Error: Failed to read data from sensor
ERROR:root:05-27-2024 22:34:27 Error: Failed to read data from sensor
ERROR:root:05-27-2024 22:34:32 Error: Failed to read data from sensor
ERROR:root:05-27-2024 22:34:37 Error: Failed to read data from sensor
ERROR:root:05-27-2024 22:34:42 Error: Failed to read data from sensor
ERROR:root:05-27-2024 22:34:47 Error: Failed to read data from sensor
ERROR:root:05-27-2024 22:34:52 Error: Failed to read data from sensor
ERROR:root:05-27-2024 22:34:57 Error: Failed to read data from sensor
ERROR:root:05-27-2024 22:35:02 Error: Failed to read data from sensor
ERROR:root:05-27-2024 22:35:08 Error: Failed to read data from sensor
ERROR:root:05-27-2024 22:35:13 Error: Failed to read data from sensor
ERROR:root:05-27-2024 22:35:18 Error: Failed to read data from sensor
ERROR:root:05-27-2024 22:35:23 Error: Failed to read data from sensor
ERROR:root:05-27-2024 22:35:28 Error: Failed to read data from sensor
ERROR:root:05-27-2024 22:35:33 Error: Failed to read data from sensor
ERROR:root:05-27-2024 22:35:38 Error: Failed to read data from sensor
ERROR:root:05-27-2024 22:35:43 Error: Failed to read data from sensor
ERROR:root:05-27-2024 22:35:48 Error: Failed to read data from sensor
ERROR:root:05-27-2024 22:35:53 Error: Failed to read data from sensor
ERROR:root:05-27-2024 22:35:58 Error: Failed to read data from sensor
ERROR:root:05-27-2024 22:36:03 Error: Failed to read data from sensor
ERROR:root:05-27-2024 22:36:08 Error: Failed to read data from sensor
ERROR:root:05-27-2024 22:36:13 Error: Failed to read data from sensor
ERROR:root:05-27-2024 22:36:18 Error: Failed to read data from sensor
ERROR:root:05-27-2024 22:36:23 Error: Failed to read data from sensor
ERROR:root:05-27-2024 22:36:28 Error: Failed to read data from sensor
ERROR:root:05-27-2024 22:36:33 Error: Failed to read data from sensor
ERROR:root:05-27-2024 22:36:38 Error: Failed to read data from sensor
ERROR:root:05-27-2024 22:36:44 Error: Failed to read data from sensor
ERROR:root:05-27-2024 22:36:49 Error: Failed to read data from sensor
ERROR:root:05-27-2024 22:36:54 Error: Failed to read data from sensor
ERROR:root:05-27-2024 22:36:59 Error: Failed to read data from sensor
ERROR:root:05-27-2024 22:37:04 Error: Failed to read data from sensor
ERROR:root:05-27-2024 22:37:09 Error: Failed to read data from sensor
ERROR:root:05-27-2024 22:37:14 Error: Failed to read data from sensor
ERROR:root:05-27-2024 22:37:19 Error: Failed to read data from sensor
ERROR:root:05-27-2024 22:37:24 Error: Failed to read data from sensor
ERROR:root:05-27-2024 22:37:29 Error: Failed to read data from sensor
ERROR:root:05-27-2024 22:37:34 Error: Failed to read data from sensor
ERROR:root:05-27-2024 22:37:39 Error: Failed to read data from sensor
ERROR:root:05-27-2024 22:37:44 Error: Failed to read data from sensor
ERROR:root:05-27-2024 22:37:49 Error: Failed to read data from sensor
ERROR:root:05-27-2024 22:37:54 Error: Failed to read data from sensor
ERROR:root:05-27-2024 22:37:59 Error: Failed to read data from sensor
ERROR:root:05-27-2024 22:38:04 Error: Failed to read data from sensor
ERROR:root:05-27-2024 22:38:09 Error: Failed to read data from sensor
ERROR:root:05-27-2024 22:38:14 Error: Failed to read data from sensor
ERROR:root:05-27-2024 22:38:19 Error: Failed to read data from sensor
ERROR:root:05-27-2024 22:38:25 Error: Failed to read data from sensor
ERROR:root:05-27-2024 22:38:30 Error: Failed to read data from sensor
ERROR:root:05-27-2024 22:38:35 Error: Failed to read data from sensor
ERROR:root:05-27-2024 22:38:40 Error: Failed to read data from sensor
ERROR:root:05-27-2024 22:38:45 Error: Failed to read data from sensor
ERROR:root:05-27-2024 22:38:50 Error: Failed to read data from sensor
ERROR:root:05-27-2024 22:38:55 Error: Failed to read data from sensor
ERROR:root:05-27-2024 22:39:00 Error: Failed to read data from sensor
ERROR:root:05-27-2024 22:39:05 Error: Failed to read data from sensor
ERROR:root:05-27-2024 22:39:10 Error: Failed to read data from sensor
ERROR:root:05-27-2024 22:39:15 Error: Failed to read data from sensor
ERROR:root:05-27-2024 22:39:20 Error: Failed to read data from sensor
ERROR:root:05-27-2024 22:39:25 Error: Failed to read data from sensor
ERROR:root:05-27-2024 22:39:30 Error: Failed to read data from sensor
ERROR:root:05-27-2024 22:39:35 Error: Failed to read data from sensor
ERROR:root:05-27-2024 22:39:40 Error: Failed to read data from sensor
ERROR:root:05-27-2024 22:39:45 Error: Failed to read data from sensor
ERROR:root:05-27-2024 22:39:50 Error: Failed to read data from sensor
ERROR:root:05-27-2024 22:39:55 Error: Failed to read data from sensor
ERROR:root:05-27-2024 22:40:01 Error: Failed to read data from sensor
ERROR:root:05-27-2024 22:40:06 Error: Failed to read data from sensor
ERROR:root:05-27-2024 22:40:11 Error: Failed to read data from sensor
ERROR:root:05-27-2024 22:40:16 Error: Failed to read data from sensor
ERROR:root:05-27-2024 22:40:21 Error: Failed to read data from sensor
ERROR:root:05-27-2024 22:40:26 Error: Failed to read data from sensor
ERROR:root:05-27-2024 22:40:31 Error: Failed to read data from sensor
ERROR:root:05-27-2024 22:40:36 Error: Failed to read data from sensor
ERROR:root:05-27-2024 22:40:41 Error: Failed to read data from sensor
ERROR:root:05-27-2024 22:40:46 Error: Failed to read data from sensor
ERROR:root:05-27-2024 22:40:51 Error: Failed to read data from sensor
ERROR:root:05-27-2024 22:40:56 Error: Failed to read data from sensor
ERROR:root:05-27-2024 22:41:01 Error: Failed to read data from sensor
ERROR:root:05-27-2024 22:41:06 Error: Failed to read data from sensor
ERROR:root:05-27-2024 22:41:11 Error: Failed to read data from sensor
ERROR:root:05-27-2024 22:41:16 Error: Failed to read data from sensor
ERROR:root:05-27-2024 22:41:21 Error: Failed to read data from sensor
ERROR:root:05-27-2024 22:41:26 Error: Failed to read data from sensor
ERROR:root:05-27-2024 22:41:31 Error: Failed to read data from sensor
ERROR:root:05-27-2024 22:41:37 Error: Failed to read data from sensor
ERROR:root:05-27-2024 22:41:42 Error: Failed to read data from sensor
ERROR:root:05-27-2024 22:41:47 Error: Failed to read data from sensor
ERROR:root:05-27-2024 22:41:52 Error: Failed to read data from sensor
ERROR:root:05-27-2024 22:41:57 Error: Failed to read data from sensor
ERROR:root:05-27-2024 22:42:02 Error: Failed to read data from sensor
ERROR:root:05-27-2024 22:42:07 Error: Failed to read data from sensor
ERROR:root:05-27-2024 22:42:12 Error: Failed to read data from sensor
ERROR:root:05-27-2024 22:42:17 Error: Failed to read data from sensor
ERROR:root:05-27-2024 22:42:22 Error: Failed to read data from sensor
ERROR:root:05-27-2024 22:42:27 Error: Failed to read data from sensor
ERROR:root:05-27-2024 22:42:32 Error: Failed to read data from sensor
ERROR:root:05-27-2024 22:42:37 Error: Failed to read data from sensor
ERROR:root:05-27-2024 22:42:42 Error: Failed to read data from sensor
ERROR:root:05-27-2024 22:42:47 Error: Failed to read data from sensor
ERROR:root:05-27-2024 22:42:52 Error: Failed to read data from sensor
ERROR:root:05-27-2024 22:42:57 Error: Failed to read data from sensor
ERROR:root:05-27-2024 22:43:02 Error: Failed to read data from sensor
ERROR:root:05-27-2024 22:43:07 Error: Failed to read data from sensor
ERROR:root:05-27-2024 22:43:12 Error: Failed to read data from sensor
ERROR:root:05-27-2024 22:43:18 Error: Failed to read data from sensor
ERROR:root:05-27-2024 22:43:23 Error: Failed to read data from sensor
ERROR:root:05-27-2024 22:43:28 Error: Failed to read data from sensor
ERROR:root:05-27-2024 22:43:33 Error: Failed to read data from sensor
ERROR:root:05-27-2024 22:43:38 Error: Failed to read data from sensor
ERROR:root:05-27-2024 22:43:43 Error: Failed to read data from sensor
ERROR:root:05-27-2024 22:43:48 Error: Failed to read data from sensor
ERROR:root:05-27-2024 22:43:53 Error: Failed to read data from sensor
ERROR:root:05-27-2024 22:43:58 Error: Failed to read data from sensor
ERROR:root:05-27-2024 22:44:03 Error: Failed to read data from sensor
ERROR:root:05-27-2024 22:44:08 Error: Failed to read data from sensor
ERROR:root:05-27-2024 22:44:13 Error: Failed to read data from sensor
ERROR:root:05-27-2024 22:44:18 Error: Failed to read data from sensor
ERROR:root:05-27-2024 22:44:23 Error: Failed to read data from sensor
ERROR:root:05-27-2024 22:44:28 Error: Failed to read data from sensor
ERROR:root:05-27-2024 22:44:33 Error: Failed to read data from sensor
ERROR:root:05-27-2024 22:44:38 Error: Failed to read data from sensor
ERROR:root:05-27-2024 22:44:43 Error: Failed to read data from sensor
ERROR:root:05-27-2024 22:44:48 Error: Failed to read data from sensor
ERROR:root:05-27-2024 22:44:54 Error: Failed to read data from sensor
ERROR:root:05-27-2024 22:44:59 Error: Failed to read data from sensor
ERROR:root:05-27-2024 22:45:04 Error: Failed to read data from sensor
ERROR:root:05-27-2024 22:45:09 Error: Failed to read data from sensor
ERROR:root:05-27-2024 22:45:14 Error: Failed to read data from sensor
ERROR:root:05-27-2024 22:45:19 Error: Failed to read data from sensor
ERROR:root:05-27-2024 22:45:24 Error: Failed to read data from sensor
ERROR:root:05-27-2024 22:45:29 Error: Failed to read data from sensor
ERROR:root:05-27-2024 22:45:34 Error: Failed to read data from sensor
ERROR:root:05-27-2024 22:45:39 Error: Failed to read data from sensor
ERROR:root:05-27-2024 22:45:44 Error: Failed to read data from sensor
ERROR:root:05-27-2024 22:45:49 Error: Failed to read data from sensor
